<?xml version="1.0" encoding="UTF-8"?>
<testsuite name="WallServiceTest" tests="3" skipped="0" failures="0" errors="0" timestamp="2022-04-21T05:50:41" hostname="DESKTOP-TPQFU3E" time="0.403">
  <properties/>
  <testcase name="update_postsEquals" classname="WallServiceTest" time="0.401"/>
  <testcase name="add_PostsNotZero" classname="WallServiceTest" time="0.001"/>
  <testcase name="update_postsNotEquals" classname="WallServiceTest" time="0.001"/>
  <system-out><![CDATA[Post(id=2, ownerId=889, fromId=111, createdBy=5656, date=12042022, text=Sun shine and it is okey, replyOwnerId=7890, replyPostId=2346, friendsOnly=false, comments=Comments(count=18, canPost=true, groupsCanPost=false, canClose=true, canOpen=true), copyright=newspaper Pravda, likes=Likes(count=25, userLikes=true, canLike=false, canPublish=true), reposts=Reposts(count=3, userReposted=true), viewsCount=15, postType=post, signerId=8965, canPin=true, canDelete=true, canEdit=true, isPinned=true, markedAsAds=false, isFavorite=true, postponedId=0)
]]></system-out>
  <system-err><![CDATA[]]></system-err>
</testsuite>
