<?xml version="1.0" encoding="UTF-8"?>
<testsuite name="WallServiceTest" tests="1" skipped="0" failures="0" errors="0" timestamp="2022-04-13T19:29:45" hostname="DESKTOP-TPQFU3E" time="0.498">
  <properties/>
  <testcase name="add_PostsNotZero" classname="WallServiceTest" time="0.498"/>
  <system-out><![CDATA[]]></system-out>
  <system-err><![CDATA[]]></system-err>
</testsuite>
